[info][upgrade_hub.c ] 3360:parse_argv          : 
environment arguments:
    is_rom_code_update_supported   (1)
    is_se_quick_check_supported    (1)
    is_auto_update_firmware        (1)
    spi_type                       (0)
    prlvl                          (prl_information 5)
    firmware_file                  (./VL817_Q7_9033.bin)
    vid                            (2109)
    pid                            (0817)
    port_path                      ()

[  ui][upgrade_hub.c ] 1498:evt_run_cmd_list_dev: 
[  ui][upgrade_hub.c ] 1499:evt_run_cmd_list_dev:    device vid:pid   location
[  ui][upgrade_hub.c ] 1500:evt_run_cmd_list_dev: ----------------------------
[  ui][upgrade_hub.c ] 1575:evt_run_cmd_list_dev: (*)000000 2109:0817 bcdDevice 0700 (bus 2, address 2)[  ui][upgrade_hub.c ] 1580:evt_run_cmd_list_dev:  path: 1[  ui][upgrade_hub.c ] 1588:evt_run_cmd_list_dev: 
[  ui][upgrade_hub.c ] 1575:evt_run_cmd_list_dev: ( )000001 1d6b:0003 bcdDevice 0409 (bus 2, address 1)[  ui][upgrade_hub.c ] 1588:evt_run_cmd_list_dev: 
[  ui][upgrade_hub.c ] 1575:evt_run_cmd_list_dev: ( )000002 0781:5591 bcdDevice 0100 (bus 1, address 3)[  ui][upgrade_hub.c ] 1580:evt_run_cmd_list_dev:  path: 2[  ui][upgrade_hub.c ] 1588:evt_run_cmd_list_dev: 
[  ui][upgrade_hub.c ] 1575:evt_run_cmd_list_dev: ( )000003 2109:8817 bcdDevice 0001 (bus 1, address 8)[  ui][upgrade_hub.c ] 1580:evt_run_cmd_list_dev:  path: 1[  ui][upgrade_hub.c ] 1584:evt_run_cmd_list_dev: .5[  ui][upgrade_hub.c ] 1588:evt_run_cmd_list_dev: 
[  ui][upgrade_hub.c ] 1575:evt_run_cmd_list_dev: ( )000004 0781:5591 bcdDevice 0100 (bus 1, address 7)[  ui][upgrade_hub.c ] 1580:evt_run_cmd_list_dev:  path: 1[  ui][upgrade_hub.c ] 1584:evt_run_cmd_list_dev: .4[  ui][upgrade_hub.c ] 1588:evt_run_cmd_list_dev: 
[  ui][upgrade_hub.c ] 1575:evt_run_cmd_list_dev: ( )000005 0781:5591 bcdDevice 0100 (bus 1, address 6)[  ui][upgrade_hub.c ] 1580:evt_run_cmd_list_dev:  path: 1[  ui][upgrade_hub.c ] 1584:evt_run_cmd_list_dev: .3[  ui][upgrade_hub.c ] 1588:evt_run_cmd_list_dev: 
[  ui][upgrade_hub.c ] 1575:evt_run_cmd_list_dev: ( )000006 0781:5591 bcdDevice 0100 (bus 1, address 5)[  ui][upgrade_hub.c ] 1580:evt_run_cmd_list_dev:  path: 1[  ui][upgrade_hub.c ] 1584:evt_run_cmd_list_dev: .2[  ui][upgrade_hub.c ] 1588:evt_run_cmd_list_dev: 
[  ui][upgrade_hub.c ] 1575:evt_run_cmd_list_dev: ( )000007 0781:5591 bcdDevice 0100 (bus 1, address 4)[  ui][upgrade_hub.c ] 1580:evt_run_cmd_list_dev:  path: 1[  ui][upgrade_hub.c ] 1584:evt_run_cmd_list_dev: .1[  ui][upgrade_hub.c ] 1588:evt_run_cmd_list_dev: 
[  ui][upgrade_hub.c ] 1575:evt_run_cmd_list_dev: ( )000008 2109:2817 bcdDevice 0700 (bus 1, address 2)[  ui][upgrade_hub.c ] 1580:evt_run_cmd_list_dev:  path: 1[  ui][upgrade_hub.c ] 1588:evt_run_cmd_list_dev: 
[  ui][upgrade_hub.c ] 1575:evt_run_cmd_list_dev: ( )000009 1d6b:0002 bcdDevice 0409 (bus 1, address 1)[  ui][upgrade_hub.c ] 1588:evt_run_cmd_list_dev: 
[  ui][upgrade_hub.c ] 1596:evt_run_cmd_list_dev: 
[  ui][upgrade_hub.c ] 1909:Hub_Disable_U1U2    : Disable U1U2 ...  (device 0 handle 0x557798ca70)
[  ui][upgrade_hub.c ] 2974:evt_run_cmd_auto_fw : V2 Use Update Mode.
[  ui][upgrade_hub.c ] 2333:Hub_Exec_FW_Update  : Update Firmware Start ...  (device 0 handle 0x557798ca70 ./VL817_Q7_9033.bin)
[  ui][upgrade_hub.c ] 2657:Hub_Exec_FW_Update  : Default_Firmware_Download...
[  ui][upgrade_hub.c ] 2659:Hub_Exec_FW_Update  : Cleaning SPI
[  ui][upgrade_hub.c ] 1135:SPI_Exec_WrRdCmp    :     Write/Read SPI 20
[  ui][upgrade_hub.c ] 1135:SPI_Exec_WrRdCmp    :     Write/Read SPI 0
[  ui][upgrade_hub.c ] 2712:Hub_Exec_FW_Update  : 
-------------------------------
[  ui][upgrade_hub.c ] 2713:Hub_Exec_FW_Update  : Update Firmware: Done (success)
[  ui][upgrade_hub.c ] 2714:Hub_Exec_FW_Update  : --------------------------------
